<?xml version="1.0" encoding="UTF-8"?>
<!-- Generated by org.testng.reporters.JUnitXMLReporter -->
<testsuite ignored="0" hostname="DESKTOP-QQIDDI2" failures="0" tests="3" name="Default test" time="30.362" errors="0" timestamp="2021-09-05T20:05:24 IST">
  <testcase classname="priority.priorityTestNg" name="test" time="17.491"/>
  <testcase classname="priority.priorityTestNg" name="launchGoogle" time="7.658"/>
  <testcase classname="priority.priorityTestNg" name="peformSeachAndClick1stLink" time="5.117"/>
</testsuite> <!-- Default test -->
