<?xml version="1.0" encoding="UTF-8"?>
<!-- Generated by org.testng.reporters.JUnitXMLReporter -->
<testsuite ignored="0" hostname="DESKTOP-QQIDDI2" failures="0" tests="3" name="Test" time="17.03" errors="0" timestamp="2021-09-05T20:06:55 IST">
  <testcase classname="priority.priorityTestNg" name="test" time="3.727"/>
  <testcase classname="priority.priorityTestNg" name="launchGoogle" time="4.282"/>
  <testcase classname="priority.priorityTestNg" name="peformSeachAndClick1stLink" time="8.914"/>
</testsuite> <!-- Test -->
