<?xml version="1.0" encoding="UTF-8"?>
<testng-results ignored="0" total="3" passed="3" failed="0" skipped="0">
  <reporter-output>
  </reporter-output>
  <suite started-at="2021-09-05T20:06:38 IST" name="Suite" finished-at="2021-09-05T20:06:55 IST" duration-ms="17030">
    <groups>
    </groups>
    <test started-at="2021-09-05T20:06:38 IST" name="Test" finished-at="2021-09-05T20:06:55 IST" duration-ms="17030">
      <class name="priority.priorityTestNg">
        <test-method signature="test()[pri:1, instance:priority.priorityTestNg@671a5887]" started-at="2021-09-05T20:06:38 IST" name="test" finished-at="2021-09-05T20:06:42 IST" duration-ms="3727" status="PASS">
          <reporter-output>
          </reporter-output>
        </test-method> <!-- test -->
        <test-method signature="launchGoogle()[pri:2, instance:priority.priorityTestNg@671a5887]" started-at="2021-09-05T20:06:42 IST" name="launchGoogle" finished-at="2021-09-05T20:06:46 IST" duration-ms="4282" status="PASS">
          <reporter-output>
          </reporter-output>
        </test-method> <!-- launchGoogle -->
        <test-method signature="peformSeachAndClick1stLink()[pri:3, instance:priority.priorityTestNg@671a5887]" started-at="2021-09-05T20:06:46 IST" name="peformSeachAndClick1stLink" finished-at="2021-09-05T20:06:55 IST" duration-ms="8914" status="PASS">
          <reporter-output>
          </reporter-output>
        </test-method> <!-- peformSeachAndClick1stLink -->
      </class> <!-- priority.priorityTestNg -->
    </test> <!-- Test -->
  </suite> <!-- Suite -->
</testng-results>
